# version: 1
# target_url: http://127.0.0.1:8001
# target_type: R/Shiny
{"type":"REQ_HOME","begin":"2025-02-17T22:04:34.445Z","end":"2025-02-17T22:04:34.466Z","status":200,"url":"/"}
{"type":"REQ_GET","begin":"2025-02-17T22:04:34.487Z","end":"2025-02-17T22:04:34.530Z","status":200,"url":"/jquery-3.6.0/jquery.min.js"}
{"type":"REQ_GET","begin":"2025-02-17T22:04:34.532Z","end":"2025-02-17T22:04:34.605Z","status":200,"url":"/shiny-sass-1.10.0/shiny-sass.css"}
{"type":"REQ_GET","begin":"2025-02-17T22:04:34.610Z","end":"2025-02-17T22:04:34.651Z","status":200,"url":"/shiny-busy-indicators-1.10.0/busy-indicators.css"}
{"type":"REQ_GET","begin":"2025-02-17T22:04:34.659Z","end":"2025-02-17T22:04:34.703Z","status":200,"url":"/bootstrap-5.3.1/bootstrap.min.css"}
{"type":"REQ_GET","begin":"2025-02-17T22:04:34.710Z","end":"2025-02-17T22:04:34.752Z","status":200,"url":"/bslib-component-css-0.9.0/components.css"}
{"type":"REQ_GET","begin":"2025-02-17T22:04:34.758Z","end":"2025-02-17T22:04:34.799Z","status":200,"url":"/htmltools-fill-0.5.8.1/fill.css"}
{"type":"REQ_GET","begin":"2025-02-17T22:04:34.807Z","end":"2025-02-17T22:04:34.896Z","status":200,"url":"/shiny-javascript-1.10.0/shiny.min.js"}
{"type":"REQ_GET","begin":"2025-02-17T22:04:34.904Z","end":"2025-02-17T22:04:34.946Z","status":200,"url":"/bootstrap-5.3.1/bootstrap.bundle.min.js"}
{"type":"REQ_GET","begin":"2025-02-17T22:04:34.951Z","end":"2025-02-17T22:04:34.993Z","status":200,"url":"/bs3compat-0.9.0/transition.js"}
{"type":"REQ_GET","begin":"2025-02-17T22:04:34.996Z","end":"2025-02-17T22:04:35.036Z","status":200,"url":"/bs3compat-0.9.0/tabs.js"}
{"type":"REQ_GET","begin":"2025-02-17T22:04:35.042Z","end":"2025-02-17T22:04:35.083Z","status":200,"url":"/bs3compat-0.9.0/bs3compat.js"}
{"type":"REQ_GET","begin":"2025-02-17T22:04:35.121Z","end":"2025-02-17T22:04:35.163Z","status":200,"url":"/bslib-component-js-0.9.0/components.min.js"}
{"type":"REQ_GET","begin":"2025-02-17T22:04:35.170Z","end":"2025-02-17T22:04:35.212Z","status":200,"url":"/bslib-component-js-0.9.0/web-components.min.js"}
{"type":"REQ_GET","begin":"2025-02-17T22:04:35.216Z","end":"2025-02-17T22:04:35.257Z","status":200,"url":"/bslib-tag-require-0.9.0/tag-require.js"}
{"type":"REQ_GET","begin":"2025-02-17T22:04:35.262Z","end":"2025-02-17T22:04:35.304Z","status":200,"url":"/bootstrap-5.3.1/font.css"}
{"type":"REQ_GET","begin":"2025-02-17T22:04:35.308Z","end":"2025-02-17T22:04:35.349Z","status":200,"url":"/htmlwidgets-1.6.4/htmlwidgets.js"}
{"type":"REQ_GET","begin":"2025-02-17T22:04:35.356Z","end":"2025-02-17T22:04:35.390Z","status":200,"url":"/echarts4r-4.8.0/echarts-en.min.js"}
{"type":"REQ_GET","begin":"2025-02-17T22:04:35.392Z","end":"2025-02-17T22:04:35.433Z","status":200,"url":"/echarts4r-4.8.0/ecStat.min.js"}
{"type":"REQ_GET","begin":"2025-02-17T22:04:35.436Z","end":"2025-02-17T22:04:35.477Z","status":200,"url":"/echarts4r-4.8.0/dataTool.min.js"}
{"type":"REQ_GET","begin":"2025-02-17T22:04:35.481Z","end":"2025-02-17T22:04:35.522Z","status":200,"url":"/echarts4r-binding-0.4.5/echarts4r.js"}
{"type":"REQ_GET","begin":"2025-02-17T22:04:35.604Z","end":"2025-02-17T22:04:35.605Z","status":200,"url":"/bootstrap-5.3.1/fonts/memvYaGs126MiZpBA-UvWbX2vVnXBbObj2OVTS-muw.woff2"}
{"type":"WS_OPEN","begin":"2025-02-17T22:04:35.607Z","url":"/websocket/"}
{"type":"WS_RECV_INIT","begin":"2025-02-17T22:04:35.622Z","message":"{\"config\":{\"workerId\":\"\",\"sessionId\":\"${SESSION}\",\"user\":null}}"}
{"type":"WS_SEND","begin":"2025-02-17T22:04:35.636Z","message":"{\"method\":\"init\",\"data\":{\"get_data:shiny.action\":0,\".clientdata_output_count_plot_width\":1556,\".clientdata_output_count_plot_height\":400,\".clientdata_output_count_plot_hidden\":false,\".clientdata_pixelratio\":1,\".clientdata_url_protocol\":\"http:\",\".clientdata_url_hostname\":\"127.0.0.1\",\".clientdata_url_port\":\"8600\",\".clientdata_url_pathname\":\"/\",\".clientdata_url_search\":\"\",\".clientdata_url_hash_initial\":\"\",\".clientdata_url_hash\":\"\",\".clientdata_singletons\":\"\"}}"}
{"type":"WS_RECV","begin":"2025-02-17T22:04:35.908Z","message":"{\"errors\":{\"count_plot\":{\"message\":\"\",\"call\":\"NULL\",\"type\":[\"shiny.silent.error\",\"validation\"]}},\"values\":{},\"inputMessages\":[]}"}
{"type":"WS_SEND","begin":"2025-02-17T22:04:36.834Z","message":"{\"method\":\"update\",\"data\":{\"get_data:shiny.action\":1}}"}
{"type":"WS_RECV","begin":"2025-02-17T22:04:37.885Z","message":"{\"errors\":{},\"values\":{\"count_plot\":{\"x\":{\"theme\":\"\",\"tl\":false,\"draw\":true,\"renderer\":\"canvas\",\"events\":[],\"buttons\":[],\"opts\":{\"yAxis\":[{\"show\":true,\"name\":\"%\"}],\"xAxis\":[{\"data\":[\"Biscoe\",\"Dream\",\"Torgersen\"],\"type\":\"category\",\"boundaryGap\":true,\"name\":\"island\"}],\"legend\":{\"data\":[\"Adelie\",\"Chinstrap\",\"Gentoo\"],\"show\":true,\"type\":\"plain\",\"right\":0},\"series\":[{\"data\":[{\"value\":[\"Biscoe\",\" 26.1\"]},{\"value\":[\"Dream\",\" 45.2\"]},{\"value\":[\"Torgersen\",\"100.0\"]}],\"name\":\"Adelie\",\"type\":\"bar\",\"yAxisIndex\":0,\"xAxisIndex\":0,\"coordinateSystem\":\"cartesian2d\",\"stack\":\"grp\",\"label\":{\"show\":true,\"position\":\"top\"}},{\"data\":[{\"value\":[\"Dream\",\"54.8\"]}],\"name\":\"Chinstrap\",\"type\":\"bar\",\"yAxisIndex\":0,\"xAxisIndex\":0,\"coordinateSystem\":\"cartesian2d\",\"stack\":\"grp\",\"label\":{\"show\":true,\"position\":\"top\"}},{\"data\":[{\"value\":[\"Biscoe\",\"73.9\"]}],\"name\":\"Gentoo\",\"type\":\"bar\",\"yAxisIndex\":0,\"xAxisIndex\":0,\"coordinateSystem\":\"cartesian2d\",\"stack\":\"grp\",\"label\":{\"show\":true,\"position\":\"top\"}}]},\"dispose\":true},\"evals\":[],\"jsHooks\":[],\"deps\":[]}},\"inputMessages\":[]}"}
{"type":"WS_SEND","begin":"2025-02-17T22:04:38.379Z","message":"{\"method\":\"update\",\"data\":{\"count_plot_mouseover_data:echarts4rParse\":{\"value\":[\"Dream\",\" 45.2\"]},\"count_plot_mouseover_row:echarts4rParse\":2,\"count_plot_mouseover_serie:echarts4rParse\":\"Adelie\"}}"}
{"type":"WS_SEND","begin":"2025-02-17T22:04:38.381Z","message":"{\"method\":\"update\",\"data\":{}}"}
{"type":"WS_SEND","begin":"2025-02-17T22:04:38.383Z","message":"{\"method\":\"update\",\"data\":{}}"}
{"type":"WS_SEND","begin":"2025-02-17T22:04:38.679Z","message":"{\"method\":\"update\",\"data\":{\"count_plot_mouseover_data:echarts4rParse\":{\"value\":[\"Dream\",\"54.8\"]},\"count_plot_mouseover_row:echarts4rParse\":1,\"count_plot_mouseover_serie:echarts4rParse\":\"Chinstrap\"}}"}
{"type":"WS_SEND","begin":"2025-02-17T22:04:38.681Z","message":"{\"method\":\"update\",\"data\":{}}"}
{"type":"WS_SEND","begin":"2025-02-17T22:04:38.682Z","message":"{\"method\":\"update\",\"data\":{}}"}
{"type":"WS_SEND","begin":"2025-02-17T22:04:38.871Z","message":"{\"method\":\"update\",\"data\":{\"count_plot_mouseover_data:echarts4rParse\":{\"value\":[\"Biscoe\",\"73.9\"]},\"count_plot_mouseover_serie:echarts4rParse\":\"Gentoo\"}}"}
{"type":"WS_SEND","begin":"2025-02-17T22:04:38.874Z","message":"{\"method\":\"update\",\"data\":{}}"}
{"type":"WS_SEND","begin":"2025-02-17T22:04:39.245Z","message":"{\"method\":\"update\",\"data\":{\"count_plot_mouseover_data:echarts4rParse\":{\"value\":[\"Dream\",\"54.8\"]},\"count_plot_mouseover_serie:echarts4rParse\":\"Chinstrap\"}}"}
{"type":"WS_SEND","begin":"2025-02-17T22:04:39.247Z","message":"{\"method\":\"update\",\"data\":{}}"}
{"type":"WS_SEND","begin":"2025-02-17T22:04:39.357Z","message":"{\"method\":\"update\",\"data\":{\"count_plot_mouseover_data:echarts4rParse\":{\"value\":[\"Torgersen\",\"100.0\"]},\"count_plot_mouseover_row:echarts4rParse\":3,\"count_plot_mouseover_serie:echarts4rParse\":\"Adelie\"}}"}
{"type":"WS_SEND","begin":"2025-02-17T22:04:39.359Z","message":"{\"method\":\"update\",\"data\":{}}"}
{"type":"WS_SEND","begin":"2025-02-17T22:04:39.360Z","message":"{\"method\":\"update\",\"data\":{}}"}
{"type":"WS_SEND","begin":"2025-02-17T22:04:39.997Z","message":"{\"method\":\"update\",\"data\":{\"count_plot_legend_change:echarts4rParse\":\"Adelie\",\"count_plot_legend_selected:echarts4rParse\":{\"Adelie\":false,\"Chinstrap\":true,\"Gentoo\":true},\"count_plot_brush:echarts4rParse\":{\"type\":\"brushselected\",\"batch\":[]}}}"}
{"type":"WS_SEND","begin":"2025-02-17T22:04:39.998Z","message":"{\"method\":\"update\",\"data\":{}}"}
{"type":"WS_SEND","begin":"2025-02-17T22:04:39.999Z","message":"{\"method\":\"update\",\"data\":{}}"}
{"type":"WS_SEND","begin":"2025-02-17T22:04:40.447Z","message":"{\"method\":\"update\",\"data\":{\"count_plot_legend_selected:echarts4rParse\":{\"Adelie\":true,\"Chinstrap\":true,\"Gentoo\":true}}}"}
{"type":"WS_SEND","begin":"2025-02-17T22:04:41.344Z","message":"{\"method\":\"update\",\"data\":{\"count_plot_legend_change:echarts4rParse\":\"Chinstrap\",\"count_plot_legend_selected:echarts4rParse\":{\"Adelie\":true,\"Chinstrap\":false,\"Gentoo\":true}}}"}
{"type":"WS_SEND","begin":"2025-02-17T22:04:41.345Z","message":"{\"method\":\"update\",\"data\":{}}"}
{"type":"WS_SEND","begin":"2025-02-17T22:04:41.675Z","message":"{\"method\":\"update\",\"data\":{\"count_plot_legend_selected:echarts4rParse\":{\"Adelie\":true,\"Chinstrap\":true,\"Gentoo\":true}}}"}
{"type":"WS_SEND","begin":"2025-02-17T22:04:41.795Z","message":"{\"method\":\"update\",\"data\":{\"count_plot_global_out:echarts4rParse\":{\"event\":{\"type\":\"globalout\",\"event\":{\"isTrusted\":true,\"zrX\":1391,\"zrY\":-15,\"zrDelta\":0}},\"type\":\"globalout\"}}}"}
{"type":"WS_SEND","begin":"2025-02-17T22:04:42.192Z","message":"{\"method\":\"update\",\"data\":{\"get_data:shiny.action\":2}}"}
{"type":"WS_SEND","begin":"2025-02-17T22:04:42.427Z","message":"{\"method\":\"update\",\"data\":{\"count_plot_mouseover_data:echarts4rParse\":{\"value\":[\"Dream\",\"54.8\"]},\"count_plot_mouseover_row:echarts4rParse\":1,\"count_plot_mouseover_serie:echarts4rParse\":\"Chinstrap\"}}"}
{"type":"WS_SEND","begin":"2025-02-17T22:04:42.428Z","message":"{\"method\":\"update\",\"data\":{}}"}
{"type":"WS_SEND","begin":"2025-02-17T22:04:42.429Z","message":"{\"method\":\"update\",\"data\":{}}"}
{"type":"WS_RECV","begin":"2025-02-17T22:04:43.283Z","message":"{\"errors\":{},\"values\":{\"count_plot\":{\"x\":{\"theme\":\"\",\"tl\":false,\"draw\":true,\"renderer\":\"canvas\",\"events\":[],\"buttons\":[],\"opts\":{\"yAxis\":[{\"show\":true,\"name\":\"%\"}],\"xAxis\":[{\"data\":[\"Biscoe\",\"Dream\",\"Torgersen\"],\"type\":\"category\",\"boundaryGap\":true,\"name\":\"island\"}],\"legend\":{\"data\":[\"Adelie\",\"Chinstrap\",\"Gentoo\"],\"show\":true,\"type\":\"plain\",\"right\":0},\"series\":[{\"data\":[{\"value\":[\"Biscoe\",\" 26.1\"]},{\"value\":[\"Dream\",\" 45.3\"]},{\"value\":[\"Torgersen\",\"100.0\"]}],\"name\":\"Adelie\",\"type\":\"bar\",\"yAxisIndex\":0,\"xAxisIndex\":0,\"coordinateSystem\":\"cartesian2d\",\"stack\":\"grp\",\"label\":{\"show\":true,\"position\":\"top\"}},{\"data\":[{\"value\":[\"Dream\",\"54.7\"]}],\"name\":\"Chinstrap\",\"type\":\"bar\",\"yAxisIndex\":0,\"xAxisIndex\":0,\"coordinateSystem\":\"cartesian2d\",\"stack\":\"grp\",\"label\":{\"show\":true,\"position\":\"top\"}},{\"data\":[{\"value\":[\"Biscoe\",\"73.9\"]}],\"name\":\"Gentoo\",\"type\":\"bar\",\"yAxisIndex\":0,\"xAxisIndex\":0,\"coordinateSystem\":\"cartesian2d\",\"stack\":\"grp\",\"label\":{\"show\":true,\"position\":\"top\"}}]},\"dispose\":true},\"evals\":[],\"jsHooks\":[],\"deps\":[]}},\"inputMessages\":[]}"}
{"type":"WS_SEND","begin":"2025-02-17T22:04:43.873Z","message":"{\"method\":\"update\",\"data\":{\"count_plot_global_out:echarts4rParse\":{\"event\":{\"type\":\"globalout\",\"event\":{\"isTrusted\":true,\"zrX\":695,\"zrY\":-12,\"zrDelta\":0}},\"type\":\"globalout\"}}}"}
{"type":"WS_SEND","begin":"2025-02-17T22:04:44.377Z","message":"{\"method\":\"update\",\"data\":{\"get_data:shiny.action\":3}}"}
{"type":"WS_SEND","begin":"2025-02-17T22:04:44.789Z","message":"{\"method\":\"update\",\"data\":{\"count_plot_mouseover_data:echarts4rParse\":{\"value\":[\"Biscoe\",\"73.9\"]},\"count_plot_mouseover_serie:echarts4rParse\":\"Gentoo\"}}"}
{"type":"WS_SEND","begin":"2025-02-17T22:04:44.791Z","message":"{\"method\":\"update\",\"data\":{}}"}
{"type":"WS_SEND","begin":"2025-02-17T22:04:45.339Z","message":"{\"method\":\"update\",\"data\":{\"count_plot_mouseover_data:echarts4rParse\":{\"value\":[\"Dream\",\"54.7\"]},\"count_plot_mouseover_serie:echarts4rParse\":\"Chinstrap\"}}"}
{"type":"WS_SEND","begin":"2025-02-17T22:04:45.341Z","message":"{\"method\":\"update\",\"data\":{}}"}
{"type":"WS_RECV","begin":"2025-02-17T22:04:45.481Z","message":"{\"errors\":{},\"values\":{\"count_plot\":{\"x\":{\"theme\":\"\",\"tl\":false,\"draw\":true,\"renderer\":\"canvas\",\"events\":[],\"buttons\":[],\"opts\":{\"yAxis\":[{\"show\":true,\"name\":\"%\"}],\"xAxis\":[{\"data\":[\"Biscoe\",\"Dream\",\"Torgersen\"],\"type\":\"category\",\"boundaryGap\":true,\"name\":\"island\"}],\"legend\":{\"data\":[\"Adelie\",\"Chinstrap\",\"Gentoo\"],\"show\":true,\"type\":\"plain\",\"right\":0},\"series\":[{\"data\":[{\"value\":[\"Biscoe\",\" 26.0\"]},{\"value\":[\"Dream\",\" 45.3\"]},{\"value\":[\"Torgersen\",\"100.0\"]}],\"name\":\"Adelie\",\"type\":\"bar\",\"yAxisIndex\":0,\"xAxisIndex\":0,\"coordinateSystem\":\"cartesian2d\",\"stack\":\"grp\",\"label\":{\"show\":true,\"position\":\"top\"}},{\"data\":[{\"value\":[\"Dream\",\"54.7\"]}],\"name\":\"Chinstrap\",\"type\":\"bar\",\"yAxisIndex\":0,\"xAxisIndex\":0,\"coordinateSystem\":\"cartesian2d\",\"stack\":\"grp\",\"label\":{\"show\":true,\"position\":\"top\"}},{\"data\":[{\"value\":[\"Biscoe\",\"74\"]}],\"name\":\"Gentoo\",\"type\":\"bar\",\"yAxisIndex\":0,\"xAxisIndex\":0,\"coordinateSystem\":\"cartesian2d\",\"stack\":\"grp\",\"label\":{\"show\":true,\"position\":\"top\"}}]},\"dispose\":true},\"evals\":[],\"jsHooks\":[],\"deps\":[]}},\"inputMessages\":[]}"}
{"type":"WS_SEND","begin":"2025-02-17T22:04:46.749Z","message":"{\"method\":\"update\",\"data\":{\"count_plot_legend_selected:echarts4rParse\":{\"Adelie\":true,\"Chinstrap\":false,\"Gentoo\":true}}}"}
{"type":"WS_SEND","begin":"2025-02-17T22:04:47.069Z","message":"{\"method\":\"update\",\"data\":{\"count_plot_legend_selected:echarts4rParse\":{\"Adelie\":true,\"Chinstrap\":true,\"Gentoo\":true}}}"}
{"type":"WS_SEND","begin":"2025-02-17T22:04:47.322Z","message":"{\"method\":\"update\",\"data\":{\"count_plot_global_out:echarts4rParse\":{\"event\":{\"type\":\"globalout\",\"event\":{\"isTrusted\":true,\"zrX\":1312,\"zrY\":-3,\"zrDelta\":0}},\"type\":\"globalout\"}}}"}
{"type":"WS_SEND","begin":"2025-02-17T22:04:47.880Z","message":"{\"method\":\"update\",\"data\":{\"get_data:shiny.action\":4}}"}
{"type":"WS_RECV","begin":"2025-02-17T22:04:48.925Z","message":"{\"errors\":{},\"values\":{\"count_plot\":{\"x\":{\"theme\":\"\",\"tl\":false,\"draw\":true,\"renderer\":\"canvas\",\"events\":[],\"buttons\":[],\"opts\":{\"yAxis\":[{\"show\":true,\"name\":\"%\"}],\"xAxis\":[{\"data\":[\"Biscoe\",\"Dream\",\"Torgersen\"],\"type\":\"category\",\"boundaryGap\":true,\"name\":\"island\"}],\"legend\":{\"data\":[\"Adelie\",\"Chinstrap\",\"Gentoo\"],\"show\":true,\"type\":\"plain\",\"right\":0},\"series\":[{\"data\":[{\"value\":[\"Biscoe\",\" 26.2\"]},{\"value\":[\"Dream\",\" 45.1\"]},{\"value\":[\"Torgersen\",\"100.0\"]}],\"name\":\"Adelie\",\"type\":\"bar\",\"yAxisIndex\":0,\"xAxisIndex\":0,\"coordinateSystem\":\"cartesian2d\",\"stack\":\"grp\",\"label\":{\"show\":true,\"position\":\"top\"}},{\"data\":[{\"value\":[\"Dream\",\"54.9\"]}],\"name\":\"Chinstrap\",\"type\":\"bar\",\"yAxisIndex\":0,\"xAxisIndex\":0,\"coordinateSystem\":\"cartesian2d\",\"stack\":\"grp\",\"label\":{\"show\":true,\"position\":\"top\"}},{\"data\":[{\"value\":[\"Biscoe\",\"73.8\"]}],\"name\":\"Gentoo\",\"type\":\"bar\",\"yAxisIndex\":0,\"xAxisIndex\":0,\"coordinateSystem\":\"cartesian2d\",\"stack\":\"grp\",\"label\":{\"show\":true,\"position\":\"top\"}}]},\"dispose\":true},\"evals\":[],\"jsHooks\":[],\"deps\":[]}},\"inputMessages\":[]}"}
{"type":"WS_SEND","begin":"2025-02-17T22:04:48.989Z","message":"{\"method\":\"update\",\"data\":{\"count_plot_global_out:echarts4rParse\":{\"event\":{\"type\":\"globalout\",\"event\":{\"isTrusted\":true,\"zrX\":748,\"zrY\":-25,\"zrDelta\":0}},\"type\":\"globalout\"}}}"}
{"type":"WS_SEND","begin":"2025-02-17T22:04:49.655Z","message":"{\"method\":\"update\",\"data\":{\"count_plot_global_out:echarts4rParse\":{\"event\":{\"type\":\"globalout\",\"event\":{\"isTrusted\":true,\"zrX\":1561,\"zrY\":60,\"zrDelta\":0}},\"type\":\"globalout\"}}}"}
{"type":"WS_SEND","begin":"2025-02-17T22:04:53.711Z","message":"{\"method\":\"update\",\"data\":{\"count_plot_global_out:echarts4rParse\":{\"event\":{\"type\":\"globalout\",\"event\":{\"isTrusted\":true,\"zrX\":840,\"zrY\":-11,\"zrDelta\":0}},\"type\":\"globalout\"}}}"}
{"type":"WS_SEND","begin":"2025-02-17T22:04:54.873Z","message":"{\"method\":\"update\",\"data\":{\"get_data:shiny.action\":5}}"}
{"type":"WS_RECV","begin":"2025-02-17T22:04:55.969Z","message":"{\"errors\":{},\"values\":{\"count_plot\":{\"x\":{\"theme\":\"\",\"tl\":false,\"draw\":true,\"renderer\":\"canvas\",\"events\":[],\"buttons\":[],\"opts\":{\"yAxis\":[{\"show\":true,\"name\":\"%\"}],\"xAxis\":[{\"data\":[\"Biscoe\",\"Dream\",\"Torgersen\"],\"type\":\"category\",\"boundaryGap\":true,\"name\":\"island\"}],\"legend\":{\"data\":[\"Adelie\",\"Chinstrap\",\"Gentoo\"],\"show\":true,\"type\":\"plain\",\"right\":0},\"series\":[{\"data\":[{\"value\":[\"Biscoe\",\" 26.3\"]},{\"value\":[\"Dream\",\" 45.2\"]},{\"value\":[\"Torgersen\",\"100.0\"]}],\"name\":\"Adelie\",\"type\":\"bar\",\"yAxisIndex\":0,\"xAxisIndex\":0,\"coordinateSystem\":\"cartesian2d\",\"stack\":\"grp\",\"label\":{\"show\":true,\"position\":\"top\"}},{\"data\":[{\"value\":[\"Dream\",\"54.8\"]}],\"name\":\"Chinstrap\",\"type\":\"bar\",\"yAxisIndex\":0,\"xAxisIndex\":0,\"coordinateSystem\":\"cartesian2d\",\"stack\":\"grp\",\"label\":{\"show\":true,\"position\":\"top\"}},{\"data\":[{\"value\":[\"Biscoe\",\"73.7\"]}],\"name\":\"Gentoo\",\"type\":\"bar\",\"yAxisIndex\":0,\"xAxisIndex\":0,\"coordinateSystem\":\"cartesian2d\",\"stack\":\"grp\",\"label\":{\"show\":true,\"position\":\"top\"}}]},\"dispose\":true},\"evals\":[],\"jsHooks\":[],\"deps\":[]}},\"inputMessages\":[]}"}
{"type":"WS_CLOSE","begin":"2025-02-17T22:05:11.416Z"}
